<?xml version="1.0" encoding="UTF-8"?>
<testsuite xmlns:xsi="http://www.w3.org/2001/XMLSchema-instance" xsi:noNamespaceSchemaLocation="https://maven.apache.org/surefire/maven-surefire-plugin/xsd/surefire-test-report.xsd" name="com.gk.jobhelper.service.ExcelPreviewParserTest" time="0.468" tests="7" errors="0" skipped="0" failures="0">
  <properties>
[...]
</properties>
  <testcase name="parseHeaderOnlyFileShouldReturnZeroRows" classname="com.gk.jobhelper.service.ExcelPreviewParserTest" time="0.057"/>
  <testcase name="parseMissingFileShouldThrowBusinessException" classname="com.gk.jobhelper.service.ExcelPreviewParserTest" time="0.004"/>
  <testcase name="parseMoreThanTenRowsShouldLimitPreviewToTen" classname="com.gk.jobhelper.service.ExcelPreviewParserTest" time="0.082"/>
  <testcase name="parseShouldSkipTitleRowsBeforeActualHeader" classname="com.gk.jobhelper.service.ExcelPreviewParserTest" time="0.072"/>
  <testcase name="parseXlsShouldReturnHeadersAndRows" classname="com.gk.jobhelper.service.ExcelPreviewParserTest" time="0.176"/>
  <testcase name="parseNonExcelFileShouldThrowBusinessException" classname="com.gk.jobhelper.service.ExcelPreviewParserTest" time="0.022"/>
  <testcase name="parseXlsxShouldReturnHeadersAndRows" classname="com.gk.jobhelper.service.ExcelPreviewParserTest" time="0.052"/>
</testsuite>